Starting Dynare (version 4.5.6).
Starting preprocessing of the model file ...
WARNING: junk not used in model block, removed by nostrict command-line option
Found 8 equation(s).
Evaluating expressions...done
Computing static model derivatives:
 - order 1
Computing dynamic model derivatives:
 - order 1
 - order 2
 - order 3
Processing outputs ...
done
Preprocessing completed.

STEADY-STATE RESULTS:

r      		 0.158209
g      		 0.00790905
l      		 0.497482
etau_l 		 0.361578
k      		 0.289418
y      		 0.412784
c      		 0.381798
w      		 0.55593




Residuals of the static equations:

Equation number 1 : 0
Equation number 2 : 0
Equation number 3 : 0
Equation number 4 : 0
Equation number 5 : 0
Equation number 6 : 0
Equation number 7 : 0
Equation number 8 : 0



EIGENVALUES:
         Modulus             Real        Imaginary

          0.7408           0.7408                0
           1.796            1.796                0
             Inf              Inf                0
             Inf              Inf                0


There are 3 eigenvalue(s) larger than 1 in modulus 
for 3 forward-looking variable(s)

The rank condition is verified.


MODEL SUMMARY

  Number of variables:         8
  Number of stochastic shocks: 1
  Number of state variables:   1
  Number of jumpers:           3
  Number of static variables:  4


MATRIX OF COVARIANCE OF EXOGENOUS SHOCKS
Variables        junk
junk         0.000000

Total computing time : 0h00m01s
Note: 1 warning(s) encountered in the preprocessor
