Starting Dynare (version 4.5.6).
Starting preprocessing of the model file ...
Found 4 equation(s).
Evaluating expressions...done
Computing static model derivatives:
 - order 1
Computing dynamic model derivatives:
 - order 1
Processing outputs ...
done
Preprocessing completed.


STEADY-STATE RESULTS:

k     		 5.56591
g     		 0.2
vpi   		 0.351463
log_k 		 1.71666




Residuals of the static equations:

Equation number 1 : -3.8572e-007
Equation number 2 : 0
Equation number 3 : -1.8705e-007
Equation number 4 : 0


Perfect foresight solution found.

Total computing time : 0h00m04s
