Starting Dynare (version 4.5.6).
Starting preprocessing of the model file ...
Substitution of endo lags >= 2: added 1 auxiliary variables and equations.
Found 6 equation(s).
Evaluating expressions...done
Computing static model derivatives:
 - order 1
Computing dynamic model derivatives:
 - order 1
Processing outputs ...
done
Preprocessing completed.

STEADY-STATE RESULTS:

c                		 0.785139
y                		 0.852054
k                		 0.615594
g                		 0.00870076
r                		 0.15073




Residuals of the static equations:

Equation number 1 : 0
Equation number 2 : 1.4788e-007
Equation number 3 : -3.8345e-007
Equation number 4 : 4.5397e-007
Equation number 5 : 0



STEADY-STATE RESULTS:

c                		 0.472736
y                		 0.483923
k                		 0.11086
g                		 0.000905303
r                		 0.475366




Residuals of the static equations:

Equation number 1 : 0
Equation number 2 : 0
Equation number 3 : 0
Equation number 4 : 0
Equation number 5 : 0


error: called from
    perfect_foresight_setup at line 47 column 5
    gen_eq at line 175 column 1
    dynare at line 235 column 1
    AA_runmodel at line 9 column 1
error: PERFECT_FORESIGHT_SETUP: error in model specification : the variable(s) k don't appear as current period variables.
>> gen_eq_results.mat
error: 'gen_eq_results' undefined near line 1 column 1
>> load gen_eq_results.mat
>> clear
>> load gen_eq_results.mat
>> AA_runmodel.m
error: invalid call to script C:\Users\admin\Documents\personal\aghion\gen_eq\stochastic\AA_runmodel.m
>> AA_runmodel

Configuring Dynare ...
[mex] Generalized QZ.
[mex] Sylvester equation solution.
[mex] Kronecker products.
[mex] Sparse kronecker products.
[mex] Local state space iteration (second order).
[mex] Bytecode evaluation.
[mex] k-order perturbation solver.
[mex] k-order solution simulation.
[mex] Quasi Monte-Carlo sequence (Sobol).
[mex] Markov Switching SBVAR.

Using 64-bit preprocessor
Starting Dynare (version 4.5.6).
Starting preprocessing of the model file ...
Found 5 equation(s).
Evaluating expressions...done
Computing static model derivatives:
 - order 1
Computing dynamic model derivatives:
 - order 1
Processing outputs ...
done
Preprocessing completed.

