Starting Dynare (version 4.5.6).
Starting preprocessing of the model file ...
Found 6 equation(s).
Evaluating expressions...done
Computing static model derivatives:
 - order 1
Computing dynamic model derivatives:
 - order 1
Processing outputs ...
done
Preprocessing completed.




Residuals of the static equations:

Equation number 1 : 0
Equation number 2 : 0
Equation number 3 : 0
Equation number 4 : 0
Equation number 5 : 0
Equation number 6 : -0.065684






Residuals of the static equations:

Equation number 1 : -0.078191
Equation number 2 : 0
Equation number 3 : 0
Equation number 4 : 0
Equation number 5 : 0
Equation number 6 : -0.065684



--------------------------------------------------------
MODEL SIMULATION:

Iter: 1,	 err. = 0.078191, 	 time = 0.071877
Iter: 2,	 err. = 5.1516, 	 time = 0.071083
Last iteration provided complex number for the following variables:
c, 
Iter: 3,	 err. = 440.4753, 	 time = 0.086098
Last iteration provided complex number for the following variables:
c, 
Iter: 4,	 err. = 6914.6644, 	 time = 0.080338
warning: matrix singular to machine precision, rcond = 1.79915e-040
warning: called from
    sim1>lin_solve at line 236 column 3
    sim1 at line 165 column 16
    perfect_foresight_solver_core at line 93 column 66
    perfect_foresight_solver at line 61 column 5
    gen_eq at line 181 column 1
    dynare at line 235 column 1
WARNING : Failed to find a solution to the linear system.
Last iteration provided complex number for the following variables:
c, 
Iter: 5,	 err. = 29709976342166460981447467253497741801104760338342103819982631374040178120166513885707328949754825298104965857286798738171808881447416636504550815426148986727680509580261736941414640513321298995183616, 	 time = 0.081512
warning: matrix singular to machine precision
warning: called from
    sim1>lin_solve at line 236 column 3
    sim1 at line 165 column 16
    perfect_foresight_solver_core at line 93 column 66
    perfect_foresight_solver at line 61 column 5
    gen_eq at line 181 column 1
    dynare at line 235 column 1
WARNING : Failed to find a solution to the linear system.
Iter: 6,	 err. = 29709976342166460981447467253497741801104760338342103819982631374040178120166513885707328949754825298104965857286798738171808881447416636504550815426148986727680509580261736941414640513321298995183616, 	 time = 0.090096
warning: matrix singular to machine precision
warning: called from
    sim1>lin_solve at line 236 column 3
    sim1 at line 165 column 16
    perfect_foresight_solver_core at line 93 column 66
    perfect_foresight_solver at line 61 column 5
    gen_eq at line 181 column 1
    dynare at line 235 column 1
WARNING : Failed to find a solution to the linear system.
Iter: 7,	 err. = 29709976342166460981447467253497741801104760338342103819982631374040178120166513885707328949754825298104965857286798738171808881447416636504550815426148986727680509580261736941414640513321298995183616, 	 time = 0.083626
warning: matrix singular to machine precision
warning: called from
    sim1>lin_solve at line 236 column 3
    sim1 at line 165 column 16
    perfect_foresight_solver_core at line 93 column 66
    perfect_foresight_solver at line 61 column 5
    gen_eq at line 181 column 1
    dynare at line 235 column 1
WARNING : Failed to find a solution to the linear system.
Iter: 8,	 err. = 29709976342166460981447467253497741801104760338342103819982631374040178120166513885707328949754825298104965857286798738171808881447416636504550815426148986727680509580261736941414640513321298995183616, 	 time = 0.085579
warning: matrix singular to machine precision
warning: called from
    sim1>lin_solve at line 236 column 3
    sim1 at line 165 column 16
    perfect_foresight_solver_core at line 93 column 66
    perfect_foresight_solver at line 61 column 5
    gen_eq at line 181 column 1
    dynare at line 235 column 1
WARNING : Failed to find a solution to the linear system.
Iter: 9,	 err. = 29709976342166460981447467253497741801104760338342103819982631374040178120166513885707328949754825298104965857286798738171808881447416636504550815426148986727680509580261736941414640513321298995183616, 	 time = 0.087463
warning: matrix singular to machine precision
warning: called from
    sim1>lin_solve at line 236 column 3
    sim1 at line 165 column 16
    perfect_foresight_solver_core at line 93 column 66
    perfect_foresight_solver at line 61 column 5
    gen_eq at line 181 column 1
    dynare at line 235 column 1
WARNING : Failed to find a solution to the linear system.
Iter: 10,	 err. = 29709976342166460981447467253497741801104760338342103819982631374040178120166513885707328949754825298104965857286798738171808881447416636504550815426148986727680509580261736941414640513321298995183616, 	 time = 0.090034
warning: matrix singular to machine precision
warning: called from
    sim1>lin_solve at line 236 column 3
    sim1 at line 165 column 16
    perfect_foresight_solver_core at line 93 column 66
    perfect_foresight_solver at line 61 column 5
    gen_eq at line 181 column 1
    dynare at line 235 column 1
WARNING : Failed to find a solution to the linear system.
Iter: 11,	 err. = 29709976342166460981447467253497741801104760338342103819982631374040178120166513885707328949754825298104965857286798738171808881447416636504550815426148986727680509580261736941414640513321298995183616, 	 time = 0.083084
warning: matrix singular to machine precision
warning: called from
    sim1>lin_solve at line 236 column 3
    sim1 at line 165 column 16
    perfect_foresight_solver_core at line 93 column 66
    perfect_foresight_solver at line 61 column 5
    gen_eq at line 181 column 1
    dynare at line 235 column 1
WARNING : Failed to find a solution to the linear system.
Iter: 12,	 err. = 29709976342166460981447467253497741801104760338342103819982631374040178120166513885707328949754825298104965857286798738171808881447416636504550815426148986727680509580261736941414640513321298995183616, 	 time = 0.070908
warning: matrix singular to machine precision
warning: called from
    sim1>lin_solve at line 236 column 3
    sim1 at line 165 column 16
    perfect_foresight_solver_core at line 93 column 66
    perfect_foresight_solver at line 61 column 5
    gen_eq at line 181 column 1
    dynare at line 235 column 1
WARNING : Failed to find a solution to the linear system.
Iter: 13,	 err. = 29709976342166460981447467253497741801104760338342103819982631374040178120166513885707328949754825298104965857286798738171808881447416636504550815426148986727680509580261736941414640513321298995183616, 	 time = 0.08239
warning: matrix singular to machine precision
warning: called from
    sim1>lin_solve at line 236 column 3
    sim1 at line 165 column 16
    perfect_foresight_solver_core at line 93 column 66
    perfect_foresight_solver at line 61 column 5
    gen_eq at line 181 column 1
    dynare at line 235 column 1
WARNING : Failed to find a solution to the linear system.
Iter: 14,	 err. = 29709976342166460981447467253497741801104760338342103819982631374040178120166513885707328949754825298104965857286798738171808881447416636504550815426148986727680509580261736941414640513321298995183616, 	 time = 0.090324
warning: matrix singular to machine precision
warning: called from
    sim1>lin_solve at line 236 column 3
    sim1 at line 165 column 16
    perfect_foresight_solver_core at line 93 column 66
    perfect_foresight_solver at line 61 column 5
    gen_eq at line 181 column 1
    dynare at line 235 column 1
WARNING : Failed to find a solution to the linear system.
Iter: 15,	 err. = 29709976342166460981447467253497741801104760338342103819982631374040178120166513885707328949754825298104965857286798738171808881447416636504550815426148986727680509580261736941414640513321298995183616, 	 time = 0.090866
warning: matrix singular to machine precision
warning: called from
    sim1>lin_solve at line 236 column 3
    sim1 at line 165 column 16
    perfect_foresight_solver_core at line 93 column 66
    perfect_foresight_solver at line 61 column 5
    gen_eq at line 181 column 1
    dynare at line 235 column 1
WARNING : Failed to find a solution to the linear system.
Iter: 16,	 err. = 29709976342166460981447467253497741801104760338342103819982631374040178120166513885707328949754825298104965857286798738171808881447416636504550815426148986727680509580261736941414640513321298995183616, 	 time = 0.07412
warning: matrix singular to machine precision
warning: called from
    sim1>lin_solve at line 236 column 3
    sim1 at line 165 column 16
    perfect_foresight_solver_core at line 93 column 66
    perfect_foresight_solver at line 61 column 5
    gen_eq at line 181 column 1
    dynare at line 235 column 1
WARNING : Failed to find a solution to the linear system.
Iter: 17,	 err. = 29709976342166460981447467253497741801104760338342103819982631374040178120166513885707328949754825298104965857286798738171808881447416636504550815426148986727680509580261736941414640513321298995183616, 	 time = 0.080521
warning: matrix singular to machine precision
warning: called from
    sim1>lin_solve at line 236 column 3
    sim1 at line 165 column 16
    perfect_foresight_solver_core at line 93 column 66
    perfect_foresight_solver at line 61 column 5
    gen_eq at line 181 column 1
    dynare at line 235 column 1
WARNING : Failed to find a solution to the linear system.
Iter: 18,	 err. = 29709976342166460981447467253497741801104760338342103819982631374040178120166513885707328949754825298104965857286798738171808881447416636504550815426148986727680509580261736941414640513321298995183616, 	 time = 0.090096
warning: matrix singular to machine precision
warning: called from
    sim1>lin_solve at line 236 column 3
    sim1 at line 165 column 16
    perfect_foresight_solver_core at line 93 column 66
    perfect_foresight_solver at line 61 column 5
    gen_eq at line 181 column 1
    dynare at line 235 column 1
WARNING : Failed to find a solution to the linear system.
Iter: 19,	 err. = 29709976342166460981447467253497741801104760338342103819982631374040178120166513885707328949754825298104965857286798738171808881447416636504550815426148986727680509580261736941414640513321298995183616, 	 time = 0.086914
warning: matrix singular to machine precision
warning: called from
    sim1>lin_solve at line 236 column 3
    sim1 at line 165 column 16
    perfect_foresight_solver_core at line 93 column 66
    perfect_foresight_solver at line 61 column 5
    gen_eq at line 181 column 1
    dynare at line 235 column 1
WARNING : Failed to find a solution to the linear system.
Iter: 20,	 err. = 29709976342166460981447467253497741801104760338342103819982631374040178120166513885707328949754825298104965857286798738171808881447416636504550815426148986727680509580261736941414640513321298995183616, 	 time = 0.090019
warning: matrix singular to machine precision
warning: called from
    sim1>lin_solve at line 236 column 3
    sim1 at line 165 column 16
    perfect_foresight_solver_core at line 93 column 66
    perfect_foresight_solver at line 61 column 5
    gen_eq at line 181 column 1
    dynare at line 235 column 1
WARNING : Failed to find a solution to the linear system.
Iter: 21,	 err. = 29709976342166460981447467253497741801104760338342103819982631374040178120166513885707328949754825298104965857286798738171808881447416636504550815426148986727680509580261736941414640513321298995183616, 	 time = 0.090393
warning: matrix singular to machine precision
warning: called from
    sim1>lin_solve at line 236 column 3
    sim1 at line 165 column 16
    perfect_foresight_solver_core at line 93 column 66
    perfect_foresight_solver at line 61 column 5
    gen_eq at line 181 column 1
    dynare at line 235 column 1
WARNING : Failed to find a solution to the linear system.
Iter: 22,	 err. = 29709976342166460981447467253497741801104760338342103819982631374040178120166513885707328949754825298104965857286798738171808881447416636504550815426148986727680509580261736941414640513321298995183616, 	 time = 0.088341
warning: matrix singular to machine precision
warning: called from
    sim1>lin_solve at line 236 column 3
    sim1 at line 165 column 16
    perfect_foresight_solver_core at line 93 column 66
    perfect_foresight_solver at line 61 column 5
    gen_eq at line 181 column 1
    dynare at line 235 column 1
WARNING : Failed to find a solution to the linear system.
Iter: 23,	 err. = 29709976342166460981447467253497741801104760338342103819982631374040178120166513885707328949754825298104965857286798738171808881447416636504550815426148986727680509580261736941414640513321298995183616, 	 time = 0.082817
warning: matrix singular to machine precision
warning: called from
    sim1>lin_solve at line 236 column 3
    sim1 at line 165 column 16
    perfect_foresight_solver_core at line 93 column 66
    perfect_foresight_solver at line 61 column 5
    gen_eq at line 181 column 1
    dynare at line 235 column 1
WARNING : Failed to find a solution to the linear system.
Iter: 24,	 err. = 29709976342166460981447467253497741801104760338342103819982631374040178120166513885707328949754825298104965857286798738171808881447416636504550815426148986727680509580261736941414640513321298995183616, 	 time = 0.08419
warning: matrix singular to machine precision
warning: called from
    sim1>lin_solve at line 236 column 3
    sim1 at line 165 column 16
    perfect_foresight_solver_core at line 93 column 66
    perfect_foresight_solver at line 61 column 5
    gen_eq at line 181 column 1
    dynare at line 235 column 1
WARNING : Failed to find a solution to the linear system.
Iter: 25,	 err. = 29709976342166460981447467253497741801104760338342103819982631374040178120166513885707328949754825298104965857286798738171808881447416636504550815426148986727680509580261736941414640513321298995183616, 	 time = 0.093117
warning: matrix singular to machine precision
warning: called from
    sim1>lin_solve at line 236 column 3
    sim1 at line 165 column 16
    perfect_foresight_solver_core at line 93 column 66
    perfect_foresight_solver at line 61 column 5
    gen_eq at line 181 column 1
    dynare at line 235 column 1
WARNING : Failed to find a solution to the linear system.
Iter: 26,	 err. = 29709976342166460981447467253497741801104760338342103819982631374040178120166513885707328949754825298104965857286798738171808881447416636504550815426148986727680509580261736941414640513321298995183616, 	 time = 0.091042
warning: matrix singular to machine precision
warning: called from
    sim1>lin_solve at line 236 column 3
    sim1 at line 165 column 16
    perfect_foresight_solver_core at line 93 column 66
    perfect_foresight_solver at line 61 column 5
    gen_eq at line 181 column 1
    dynare at line 235 column 1
WARNING : Failed to find a solution to the linear system.
Iter: 27,	 err. = 29709976342166460981447467253497741801104760338342103819982631374040178120166513885707328949754825298104965857286798738171808881447416636504550815426148986727680509580261736941414640513321298995183616, 	 time = 0.088142
warning: matrix singular to machine precision
warning: called from
    sim1>lin_solve at line 236 column 3
    sim1 at line 165 column 16
    perfect_foresight_solver_core at line 93 column 66
    perfect_foresight_solver at line 61 column 5
    gen_eq at line 181 column 1
    dynare at line 235 column 1
WARNING : Failed to find a solution to the linear system.
Iter: 28,	 err. = 29709976342166460981447467253497741801104760338342103819982631374040178120166513885707328949754825298104965857286798738171808881447416636504550815426148986727680509580261736941414640513321298995183616, 	 time = 0.090714
warning: matrix singular to machine precision
warning: called from
    sim1>lin_solve at line 236 column 3
    sim1 at line 165 column 16
    perfect_foresight_solver_core at line 93 column 66
    perfect_foresight_solver at line 61 column 5
    gen_eq at line 181 column 1
    dynare at line 235 column 1
WARNING : Failed to find a solution to the linear system.
Iter: 29,	 err. = 29709976342166460981447467253497741801104760338342103819982631374040178120166513885707328949754825298104965857286798738171808881447416636504550815426148986727680509580261736941414640513321298995183616, 	 time = 0.069412
warning: matrix singular to machine precision
warning: called from
    sim1>lin_solve at line 236 column 3
    sim1 at line 165 column 16
    perfect_foresight_solver_core at line 93 column 66
    perfect_foresight_solver at line 61 column 5
    gen_eq at line 181 column 1
    dynare at line 235 column 1
WARNING : Failed to find a solution to the linear system.
Iter: 30,	 err. = 29709976342166460981447467253497741801104760338342103819982631374040178120166513885707328949754825298104965857286798738171808881447416636504550815426148986727680509580261736941414640513321298995183616, 	 time = 0.072792
warning: matrix singular to machine precision
warning: called from
    sim1>lin_solve at line 236 column 3
    sim1 at line 165 column 16
    perfect_foresight_solver_core at line 93 column 66
    perfect_foresight_solver at line 61 column 5
    gen_eq at line 181 column 1
    dynare at line 235 column 1
WARNING : Failed to find a solution to the linear system.
Iter: 31,	 err. = 29709976342166460981447467253497741801104760338342103819982631374040178120166513885707328949754825298104965857286798738171808881447416636504550815426148986727680509580261736941414640513321298995183616, 	 time = 0.074951
warning: matrix singular to machine precision
warning: called from
    sim1>lin_solve at line 236 column 3
    sim1 at line 165 column 16
    perfect_foresight_solver_core at line 93 column 66
    perfect_foresight_solver at line 61 column 5
    gen_eq at line 181 column 1
    dynare at line 235 column 1
WARNING : Failed to find a solution to the linear system.
Iter: 32,	 err. = 29709976342166460981447467253497741801104760338342103819982631374040178120166513885707328949754825298104965857286798738171808881447416636504550815426148986727680509580261736941414640513321298995183616, 	 time = 0.090424
warning: matrix singular to machine precision
warning: called from
    sim1>lin_solve at line 236 column 3
    sim1 at line 165 column 16
    perfect_foresight_solver_core at line 93 column 66
    perfect_foresight_solver at line 61 column 5
    gen_eq at line 181 column 1
    dynare at line 235 column 1
WARNING : Failed to find a solution to the linear system.
Iter: 33,	 err. = 29709976342166460981447467253497741801104760338342103819982631374040178120166513885707328949754825298104965857286798738171808881447416636504550815426148986727680509580261736941414640513321298995183616, 	 time = 0.08242
warning: matrix singular to machine precision
warning: called from
    sim1>lin_solve at line 236 column 3
    sim1 at line 165 column 16
    perfect_foresight_solver_core at line 93 column 66
    perfect_foresight_solver at line 61 column 5
    gen_eq at line 181 column 1
    dynare at line 235 column 1
WARNING : Failed to find a solution to the linear system.
Iter: 34,	 err. = 29709976342166460981447467253497741801104760338342103819982631374040178120166513885707328949754825298104965857286798738171808881447416636504550815426148986727680509580261736941414640513321298995183616, 	 time = 0.079903
warning: matrix singular to machine precision
warning: called from
    sim1>lin_solve at line 236 column 3
    sim1 at line 165 column 16
    perfect_foresight_solver_core at line 93 column 66
    perfect_foresight_solver at line 61 column 5
    gen_eq at line 181 column 1
    dynare at line 235 column 1
WARNING : Failed to find a solution to the linear system.
Iter: 35,	 err. = 29709976342166460981447467253497741801104760338342103819982631374040178120166513885707328949754825298104965857286798738171808881447416636504550815426148986727680509580261736941414640513321298995183616, 	 time = 0.080688
warning: matrix singular to machine precision
warning: called from
    sim1>lin_solve at line 236 column 3
    sim1 at line 165 column 16
    perfect_foresight_solver_core at line 93 column 66
    perfect_foresight_solver at line 61 column 5
    gen_eq at line 181 column 1
    dynare at line 235 column 1
WARNING : Failed to find a solution to the linear system.
Iter: 36,	 err. = 29709976342166460981447467253497741801104760338342103819982631374040178120166513885707328949754825298104965857286798738171808881447416636504550815426148986727680509580261736941414640513321298995183616, 	 time = 0.089432
warning: matrix singular to machine precision
warning: called from
    sim1>lin_solve at line 236 column 3
    sim1 at line 165 column 16
    perfect_foresight_solver_core at line 93 column 66
    perfect_foresight_solver at line 61 column 5
    gen_eq at line 181 column 1
    dynare at line 235 column 1
WARNING : Failed to find a solution to the linear system.
Iter: 37,	 err. = 29709976342166460981447467253497741801104760338342103819982631374040178120166513885707328949754825298104965857286798738171808881447416636504550815426148986727680509580261736941414640513321298995183616, 	 time = 0.090904
warning: matrix singular to machine precision
warning: called from
    sim1>lin_solve at line 236 column 3
    sim1 at line 165 column 16
    perfect_foresight_solver_core at line 93 column 66
    perfect_foresight_solver at line 61 column 5
    gen_eq at line 181 column 1
    dynare at line 235 column 1
WARNING : Failed to find a solution to the linear system.
Iter: 38,	 err. = 29709976342166460981447467253497741801104760338342103819982631374040178120166513885707328949754825298104965857286798738171808881447416636504550815426148986727680509580261736941414640513321298995183616, 	 time = 0.082558
warning: matrix singular to machine precision
warning: called from
    sim1>lin_solve at line 236 column 3
    sim1 at line 165 column 16
    perfect_foresight_solver_core at line 93 column 66
    perfect_foresight_solver at line 61 column 5
    gen_eq at line 181 column 1
    dynare at line 235 column 1
WARNING : Failed to find a solution to the linear system.
Iter: 39,	 err. = 29709976342166460981447467253497741801104760338342103819982631374040178120166513885707328949754825298104965857286798738171808881447416636504550815426148986727680509580261736941414640513321298995183616, 	 time = 0.094406
warning: matrix singular to machine precision
warning: called from
    sim1>lin_solve at line 236 column 3
    sim1 at line 165 column 16
    perfect_foresight_solver_core at line 93 column 66
    perfect_foresight_solver at line 61 column 5
    gen_eq at line 181 column 1
    dynare at line 235 column 1
WARNING : Failed to find a solution to the linear system.
Iter: 40,	 err. = 29709976342166460981447467253497741801104760338342103819982631374040178120166513885707328949754825298104965857286798738171808881447416636504550815426148986727680509580261736941414640513321298995183616, 	 time = 0.076187
warning: matrix singular to machine precision
warning: called from
    sim1>lin_solve at line 236 column 3
    sim1 at line 165 column 16
    perfect_foresight_solver_core at line 93 column 66
    perfect_foresight_solver at line 61 column 5
    gen_eq at line 181 column 1
    dynare at line 235 column 1
WARNING : Failed to find a solution to the linear system.
Iter: 41,	 err. = 29709976342166460981447467253497741801104760338342103819982631374040178120166513885707328949754825298104965857286798738171808881447416636504550815426148986727680509580261736941414640513321298995183616, 	 time = 0.092216
warning: matrix singular to machine precision
warning: called from
    sim1>lin_solve at line 236 column 3
    sim1 at line 165 column 16
    perfect_foresight_solver_core at line 93 column 66
    perfect_foresight_solver at line 61 column 5
    gen_eq at line 181 column 1
    dynare at line 235 column 1
WARNING : Failed to find a solution to the linear system.
Iter: 42,	 err. = 29709976342166460981447467253497741801104760338342103819982631374040178120166513885707328949754825298104965857286798738171808881447416636504550815426148986727680509580261736941414640513321298995183616, 	 time = 0.091408
warning: matrix singular to machine precision
warning: called from
    sim1>lin_solve at line 236 column 3
    sim1 at line 165 column 16
    perfect_foresight_solver_core at line 93 column 66
    perfect_foresight_solver at line 61 column 5
    gen_eq at line 181 column 1
    dynare at line 235 column 1
WARNING : Failed to find a solution to the linear system.
Iter: 43,	 err. = 29709976342166460981447467253497741801104760338342103819982631374040178120166513885707328949754825298104965857286798738171808881447416636504550815426148986727680509580261736941414640513321298995183616, 	 time = 0.087746
warning: matrix singular to machine precision
warning: called from
    sim1>lin_solve at line 236 column 3
    sim1 at line 165 column 16
    perfect_foresight_solver_core at line 93 column 66
    perfect_foresight_solver at line 61 column 5
    gen_eq at line 181 column 1
    dynare at line 235 column 1
WARNING : Failed to find a solution to the linear system.
Iter: 44,	 err. = 29709976342166460981447467253497741801104760338342103819982631374040178120166513885707328949754825298104965857286798738171808881447416636504550815426148986727680509580261736941414640513321298995183616, 	 time = 0.082077
warning: matrix singular to machine precision
warning: called from
    sim1>lin_solve at line 236 column 3
    sim1 at line 165 column 16
    perfect_foresight_solver_core at line 93 column 66
    perfect_foresight_solver at line 61 column 5
    gen_eq at line 181 column 1
    dynare at line 235 column 1
WARNING : Failed to find a solution to the linear system.
Iter: 45,	 err. = 29709976342166460981447467253497741801104760338342103819982631374040178120166513885707328949754825298104965857286798738171808881447416636504550815426148986727680509580261736941414640513321298995183616, 	 time = 0.087341
warning: matrix singular to machine precision
warning: called from
    sim1>lin_solve at line 236 column 3
    sim1 at line 165 column 16
    perfect_foresight_solver_core at line 93 column 66
    perfect_foresight_solver at line 61 column 5
    gen_eq at line 181 column 1
    dynare at line 235 column 1
WARNING : Failed to find a solution to the linear system.
Iter: 46,	 err. = 29709976342166460981447467253497741801104760338342103819982631374040178120166513885707328949754825298104965857286798738171808881447416636504550815426148986727680509580261736941414640513321298995183616, 	 time = 0.082008
warning: matrix singular to machine precision
warning: called from
    sim1>lin_solve at line 236 column 3
    sim1 at line 165 column 16
    perfect_foresight_solver_core at line 93 column 66
    perfect_foresight_solver at line 61 column 5
    gen_eq at line 181 column 1
    dynare at line 235 column 1
WARNING : Failed to find a solution to the linear system.
Iter: 47,	 err. = 29709976342166460981447467253497741801104760338342103819982631374040178120166513885707328949754825298104965857286798738171808881447416636504550815426148986727680509580261736941414640513321298995183616, 	 time = 0.087982
warning: matrix singular to machine precision
warning: called from
    sim1>lin_solve at line 236 column 3
    sim1 at line 165 column 16
    perfect_foresight_solver_core at line 93 column 66
    perfect_foresight_solver at line 61 column 5
    gen_eq at line 181 column 1
    dynare at line 235 column 1
WARNING : Failed to find a solution to the linear system.
Iter: 48,	 err. = 29709976342166460981447467253497741801104760338342103819982631374040178120166513885707328949754825298104965857286798738171808881447416636504550815426148986727680509580261736941414640513321298995183616, 	 time = 0.076141
warning: matrix singular to machine precision
warning: called from
    sim1>lin_solve at line 236 column 3
    sim1 at line 165 column 16
    perfect_foresight_solver_core at line 93 column 66
    perfect_foresight_solver at line 61 column 5
    gen_eq at line 181 column 1
    dynare at line 235 column 1
WARNING : Failed to find a solution to the linear system.
Iter: 49,	 err. = 29709976342166460981447467253497741801104760338342103819982631374040178120166513885707328949754825298104965857286798738171808881447416636504550815426148986727680509580261736941414640513321298995183616, 	 time = 0.096359
warning: matrix singular to machine precision
warning: called from
    sim1>lin_solve at line 236 column 3
    sim1 at line 165 column 16
    perfect_foresight_solver_core at line 93 column 66
    perfect_foresight_solver at line 61 column 5
    gen_eq at line 181 column 1
    dynare at line 235 column 1
WARNING : Failed to find a solution to the linear system.
Iter: 50,	 err. = 29709976342166460981447467253497741801104760338342103819982631374040178120166513885707328949754825298104965857286798738171808881447416636504550815426148986727680509580261736941414640513321298995183616, 	 time = 0.081657
warning: matrix singular to machine precision
warning: called from
    sim1>lin_solve at line 236 column 3
    sim1 at line 165 column 16
    perfect_foresight_solver_core at line 93 column 66
    perfect_foresight_solver at line 61 column 5
    gen_eq at line 181 column 1
    dynare at line 235 column 1
WARNING : Failed to find a solution to the linear system.

Total time of simulation: 4.5269.
Maximum number of iterations is reached (modify option maxit).
--------------------------------------------------------------


Simulation of the perfect foresight model failed!
Switching to a homotopy method...

Iter. 	 | Lambda 	 | status 	 | Max. residual
++++++++++++++++++++++++++++++++++++++++++++++++++++++++
1 	 | 0.50000 	 | failed 	 | 7.819121e-002
2 	 | 0.25000 	 | failed 	 | 7.819121e-002
3 	 | 0.12500 	 | failed 	 | 7.819121e-002
4 	 | 0.06250 	 | failed 	 | 7.819121e-002
5 	 | 0.03125 	 | failed 	 | 7.819121e-002
6 	 | 0.01562 	 | failed 	 | 7.819121e-002
7 	 | 0.00781 	 | failed 	 | 7.819121e-002
8 	 | 0.00391 	 | failed 	 | 7.819121e-002
9 	 | 0.00195 	 | failed 	 | 7.819121e-002
10 	 | 0.00098 	 | failed 	 | 7.819121e-002
11 	 | 0.00049 	 | failed 	 | 7.819121e-002
12 	 | 0.00024 	 | failed 	 | 7.819121e-002
13 	 | 0.00012 	 | failed 	 | 7.819121e-002
14 	 | 0.00006 	 | failed 	 | 7.819121e-002
15 	 | 0.00003 	 | failed 	 | 7.819121e-002
16 	 | 0.00002 	 | failed 	 | 7.819121e-002
++++++++++++++++++++++++++++++++++++++++++++++++++++++++

Failed to solve perfect foresight model

Total computing time : 0h01m14s
Note: warning(s) encountered in MATLAB/Octave code
